2025-10-27 11:58:42,596 - INFO - Creating Vendor Summary Table...
2025-10-27 12:00:39,560 - INFO -    VendorNumber                   VendorName  Brand              Description  \
0          1128  BROWN-FORMAN CORP             1233  Jack Daniels No 7 Black   
1          4425        MARTIGNETTI COMPANIES   3405    Tito's Handmade Vodka   
2         17035  PERNOD RICARD USA             8068         Absolut 80 Proof   
3          3960  DIAGEO NORTH AMERICA INC      4261   Capt Morgan Spiced Rum   
4          3960  DIAGEO NORTH AMERICA INC      3545          Ketel One Vodka   

   PurchasePrice  ActualPrice Volume  TotalPurchaseQuantity  \
0          26.27        36.99   1750                 145080   
1          23.19        28.99   1750                 164038   
2          18.24        24.99   1750                 187407   
3          16.17        22.99   1750                 201682   
4          21.89        29.99   1750                 138109   

   TotalPurchaseDollars  TotalSalesQuantity  TotalSalesDollars  \
0            3811251.60            142049.0         5101919.51   
1            3804041.22            160247.0         4819073.49   
2            3418303.68            187140.0         4538120.60   
3            3261197.94            200412.0         4475972.88   
4            3023206.01            135838.0         4223107.62   

   TotalSalesPrice  TotalExciseTax  
0        672819.31       260999.20  
1        561512.37       294438.66  
2        461140.15       343854.07  
3        420050.01       368242.80  
4        545778.28       249587.83  
2025-10-27 12:00:39,579 - INFO - Cleaning Data...
2025-10-27 12:00:39,594 - INFO -    VendorNumber                VendorName  Brand              Description  \
0          1128         BROWN-FORMAN CORP   1233  Jack Daniels No 7 Black   
1          4425     MARTIGNETTI COMPANIES   3405    Tito's Handmade Vodka   
2         17035         PERNOD RICARD USA   8068         Absolut 80 Proof   
3          3960  DIAGEO NORTH AMERICA INC   4261   Capt Morgan Spiced Rum   
4          3960  DIAGEO NORTH AMERICA INC   3545          Ketel One Vodka   

   PurchasePrice  ActualPrice  Volume  TotalPurchaseQuantity  \
0          26.27        36.99  1750.0                 145080   
1          23.19        28.99  1750.0                 164038   
2          18.24        24.99  1750.0                 187407   
3          16.17        22.99  1750.0                 201682   
4          21.89        29.99  1750.0                 138109   

   TotalPurchaseDollars  TotalSalesQuantity  TotalSalesDollars  \
0            3811251.60            142049.0         5101919.51   
1            3804041.22            160247.0         4819073.49   
2            3418303.68            187140.0         4538120.60   
3            3261197.94            200412.0         4475972.88   
4            3023206.01            135838.0         4223107.62   

   TotalSalesPrice  TotalExciseTax  GrossProfit  ProfitMargin  StockTurnOver  \
0        672819.31       260999.20   1290667.91     25.297693       0.979108   
1        561512.37       294438.66   1015032.27     21.062810       0.976890   
2        461140.15       343854.07   1119816.92     24.675786       0.998575   
3        420050.01       368242.80   1214774.94     27.139908       0.993703   
4        545778.28       249587.83   1199901.61     28.412764       0.983556   

   SalestoPurchaseRatio  
0              1.338647  
1              1.266830  
2              1.327594  
3              1.372493  
4              1.396897  
2025-10-27 12:00:39,599 - INFO - Ingesting data...
2025-10-27 12:00:39,664 - INFO - Completed
